<?xml version="1.0" encoding="UTF-8"?>
<!-- Generated by org.testng.reporters.JUnitReportReporter -->
<testsuite skipped="0" hostname="HD-PC" name="com.learning.start.Starting" tests="1" failures="0" timestamp="16 Oct 2017 13:42:26 GMT" time="0.017" errors="0">
  <testcase name="show" time="0.017" classname="com.learning.start.Starting"/>
</testsuite> <!-- com.learning.start.Starting -->
