<?xml version="1.0" encoding="UTF-8"?>
<!-- Generated by org.testng.reporters.JUnitReportReporter -->
<testsuite skipped="0" hostname="HD-PC" name="com.learning.start.StartJenkins" tests="1" failures="0" timestamp="26 Oct 2017 19:51:10 GMT" time="24.319" errors="0">
  <testcase name="testjenkins" time="24.319" classname="com.learning.start.StartJenkins"/>
</testsuite> <!-- com.learning.start.StartJenkins -->
